<?xml version="1.0" encoding="UTF-8"?>
<!-- Generated by org.testng.reporters.JUnitXMLReporter -->
<testsuite ignored="0" hostname="MckenzieCombrinck" failures="2" tests="4" name="Surefire test" time="108.503" errors="0" timestamp="2020-04-27T11:45:40 SAST">
  <testcase classname="gcombrinck.MyTest" name="ApplyJobWithCSVDataProvider" time="13.326">
    <failure type="org.openqa.selenium.NoSuchElementException" message="no such element: Unable to locate element: {&amp;quot;method&amp;quot;:&amp;quot;css selector&amp;quot;,&amp;quot;selector&amp;quot;:&amp;quot;.wpjb\-form\-job\-apply&amp;quot;}
  (Session info: chrome=81.0.4044.122)
For documentation on this error, please visit: https://www.seleniumhq.org/exceptions/no_such_element.html
Build info: version: &amp;apos;3.141.59&amp;apos;, revision: &amp;apos;e82be7d358&amp;apos;, time: &amp;apos;2018-11-14T08:17:03&amp;apos;
System info: host: &amp;apos;MCKENZIECOMBRIN&amp;apos;, ip: &amp;apos;192.168.99.1&amp;apos;, os.name: &amp;apos;Windows 10&amp;apos;, os.arch: &amp;apos;amd64&amp;apos;, os.version: &amp;apos;10.0&amp;apos;, java.version: &amp;apos;14.0.1&amp;apos;
Driver info: org.openqa.selenium.chrome.ChromeDriver
Capabilities {acceptInsecureCerts: false, browserName: chrome, browserVersion: 81.0.4044.122, chrome: {chromedriverVersion: 81.0.4044.20 (f006328e39a97..., userDataDir: C:\Users\HealthQ\AppData\Lo...}, goog:chromeOptions: {debuggerAddress: localhost:52566}, javascriptEnabled: true, networkConnectionEnabled: false, pageLoadStrategy: normal, platform: WINDOWS, platformName: WINDOWS, proxy: Proxy(), setWindowRect: true, strictFileInteractability: false, timeouts: {implicit: 0, pageLoad: 300000, script: 30000}, unhandledPromptBehavior: dismiss and notify, webauthn:virtualAuthenticators: true}
Session ID: 1e5602d08ec21d53d0d13cee4501bff1
*** Element info: {Using=class name, value=wpjb-form-job-apply}">
      <![CDATA[org.openqa.selenium.NoSuchElementException: no such element: Unable to locate element: {"method":"css selector","selector":".wpjb\-form\-job\-apply"}
  (Session info: chrome=81.0.4044.122)
For documentation on this error, please visit: https://www.seleniumhq.org/exceptions/no_such_element.html
Build info: version: '3.141.59', revision: 'e82be7d358', time: '2018-11-14T08:17:03'
System info: host: 'MCKENZIECOMBRIN', ip: '192.168.99.1', os.name: 'Windows 10', os.arch: 'amd64', os.version: '10.0', java.version: '14.0.1'
Driver info: org.openqa.selenium.chrome.ChromeDriver
Capabilities {acceptInsecureCerts: false, browserName: chrome, browserVersion: 81.0.4044.122, chrome: {chromedriverVersion: 81.0.4044.20 (f006328e39a97..., userDataDir: C:\Users\HealthQ\AppData\Lo...}, goog:chromeOptions: {debuggerAddress: localhost:52566}, javascriptEnabled: true, networkConnectionEnabled: false, pageLoadStrategy: normal, platform: WINDOWS, platformName: WINDOWS, proxy: Proxy(), setWindowRect: true, strictFileInteractability: false, timeouts: {implicit: 0, pageLoad: 300000, script: 30000}, unhandledPromptBehavior: dismiss and notify, webauthn:virtualAuthenticators: true}
Session ID: 1e5602d08ec21d53d0d13cee4501bff1
*** Element info: {Using=class name, value=wpjb-form-job-apply}
at org.openqa.selenium.remote.http.W3CHttpResponseCodec.createException(W3CHttpResponseCodec.java:187)
at org.openqa.selenium.remote.http.W3CHttpResponseCodec.decode(W3CHttpResponseCodec.java:122)
at org.openqa.selenium.remote.http.W3CHttpResponseCodec.decode(W3CHttpResponseCodec.java:49)
at org.openqa.selenium.remote.HttpCommandExecutor.execute(HttpCommandExecutor.java:158)
at org.openqa.selenium.remote.service.DriverCommandExecutor.execute(DriverCommandExecutor.java:83)
at org.openqa.selenium.remote.RemoteWebDriver.execute(RemoteWebDriver.java:552)
at org.openqa.selenium.remote.RemoteWebDriver.findElement(RemoteWebDriver.java:323)
at org.openqa.selenium.remote.RemoteWebDriver.findElementByClassName(RemoteWebDriver.java:412)
at org.openqa.selenium.By$ByClassName.findElement(By.java:389)
at org.openqa.selenium.remote.RemoteWebDriver.findElement(RemoteWebDriver.java:315)
at utils.HelperMethods.scrollToElement(HelperMethods.java:18)
at pages.JobPage.clickApplyButton(JobPage.java:27)
at gcombrinck.MyTest.ApplyJobWithCSVDataProvider(MyTest.java:74)
at java.base/java.util.ArrayList.forEach(ArrayList.java:1510)
... Removed 36 stack frames]]>
    </failure>
  </testcase> <!-- ApplyJobWithCSVDataProvider -->
  <testcase classname="gcombrinck.MyTest" name="ApplyJobWithCSVDataProvider" time="18.463"/>
  <testcase classname="gcombrinck.MyTest" name="ApplyJobWithDataProvider" time="18.448">
    <failure type="java.lang.AssertionError" message="Incorrect error message. expected [You need to upload at least one file.] but found [Email address is invalid]">
      <![CDATA[java.lang.AssertionError: Incorrect error message. expected [You need to upload at least one file.] but found [Email address is invalid]
at gcombrinck.MyTest.ApplyJobWithDataProvider(MyTest.java:54)
at java.base/java.util.ArrayList.forEach(ArrayList.java:1510)
... Removed 35 stack frames]]>
    </failure>
  </testcase> <!-- ApplyJobWithDataProvider -->
  <testcase classname="gcombrinck.MyTest" name="ApplyJobWithStaticData" time="15.238"/>
</testsuite> <!-- Surefire test -->
