-------------------------------------------------------------------------------
Test set: TestSuite
-------------------------------------------------------------------------------
Tests run: 14, Failures: 1, Errors: 0, Skipped: 13, Time elapsed: 6.053 s <<< FAILURE! - in TestSuite
testUp(gcombrinck.MyTest)  Time elapsed: 3.569 s  <<< FAILURE!
org.testng.TestNGException: 

Parameter 'browser' is required by BeforeClass on method testUp but has not been marked @Optional or defined


