<?xml version="1.0" encoding="UTF-8"?>
<testsuite xmlns:xsi="http://www.w3.org/2001/XMLSchema-instance" xsi:noNamespaceSchemaLocation="https://maven.apache.org/surefire/maven-surefire-plugin/xsd/surefire-test-report.xsd" name="TestSuite" time="111.066" tests="4" errors="0" skipped="0" failures="2">
  <properties>
    <property name="java.specification.version" value="14"/>
    <property name="sun.cpu.isalist" value="amd64"/>
    <property name="sun.jnu.encoding" value="Cp1252"/>
    <property name="java.class.path" value="C:\apache-maven\apache-maven-3.6.3\bin\..\boot\plexus-classworlds-2.6.0.jar"/>
    <property name="java.vm.vendor" value="Oracle Corporation"/>
    <property name="sun.arch.data.model" value="64"/>
    <property name="user.variant" value=""/>
    <property name="java.vendor.url" value="https://java.oracle.com/"/>
    <property name="user.timezone" value="Africa/Johannesburg"/>
    <property name="maven.conf" value="C:\apache-maven\apache-maven-3.6.3\bin\../conf"/>
    <property name="java.vm.specification.version" value="14"/>
    <property name="os.name" value="Windows 10"/>
    <property name="sun.java.launcher" value="SUN_STANDARD"/>
    <property name="user.country" value="ZA"/>
    <property name="sun.boot.library.path" value="C:\Program Files\Java\jdk-14.0.1\bin"/>
    <property name="sun.java.command" value="org.codehaus.plexus.classworlds.launcher.Launcher test -Dbrowser=chrome"/>
    <property name="jdk.debug" value="release"/>
    <property name="maven.home" value="C:\apache-maven\apache-maven-3.6.3\bin\.."/>
    <property name="sun.cpu.endian" value="little"/>
    <property name="user.home" value="C:\Users\HealthQ"/>
    <property name="user.language" value="en"/>
    <property name="sun.stderr.encoding" value="cp437"/>
    <property name="java.specification.vendor" value="Oracle Corporation"/>
    <property name="java.version.date" value="2020-04-14"/>
    <property name="java.home" value="C:\Program Files\Java\jdk-14.0.1"/>
    <property name="file.separator" value="\"/>
    <property name="java.vm.compressedOopsMode" value="32-bit"/>
    <property name="line.separator" value="&#10;"/>
    <property name="sun.stdout.encoding" value="cp437"/>
    <property name="java.vm.specification.vendor" value="Oracle Corporation"/>
    <property name="java.specification.name" value="Java Platform API Specification"/>
    <property name="user.script" value=""/>
    <property name="sun.management.compiler" value="HotSpot 64-Bit Tiered Compilers"/>
    <property name="java.runtime.version" value="14.0.1+7"/>
    <property name="user.name" value="HealthQ"/>
    <property name="path.separator" value=";"/>
    <property name="os.version" value="10.0"/>
    <property name="java.runtime.name" value="Java(TM) SE Runtime Environment"/>
    <property name="file.encoding" value="Cp1252"/>
    <property name="guice.disable.misplaced.annotation.check" value="true"/>
    <property name="browser" value="chrome"/>
    <property name="java.vm.name" value="Java HotSpot(TM) 64-Bit Server VM"/>
    <property name="java.vendor.url.bug" value="https://bugreport.java.com/bugreport/"/>
    <property name="java.io.tmpdir" value="C:\Users\HealthQ\AppData\Local\Temp\"/>
    <property name="java.version" value="14.0.1"/>
    <property name="user.dir" value="C:\gcombrinck\iLab_testframework"/>
    <property name="os.arch" value="amd64"/>
    <property name="maven.multiModuleProjectDirectory" value="C:\gcombrinck\iLab_testframework"/>
    <property name="java.vm.specification.name" value="Java Virtual Machine Specification"/>
    <property name="sun.os.patch.level" value=""/>
    <property name="java.library.path" value="C:\Program Files\Java\jdk-14.0.1\bin;C:\WINDOWS\Sun\Java\bin;C:\WINDOWS\system32;C:\WINDOWS;C:\WINDOWS\system32;C:\WINDOWS;C:\WINDOWS\System32\Wbem;C:\WINDOWS\System32\WindowsPowerShell\v1.0\;C:\WINDOWS\System32\OpenSSH\;C:\Program Files\Git\cmd;C:\Program Files\nodejs\;C:\Users\HealthQ\Documents\Downloads\chromedriver.exe;C:\Program Files\Kubernetes\Minikube;C:\Program Files\Docker\Docker\resources\bin;C:\ProgramData\DockerDesktop\version-bin;C:\apache-maven\apache-maven-3.6.3\bin;C:\Program Files\Java\jdk-14.0.1\bin;C:\Users\HealthQ\scoop\shims;C:\Users\HealthQ\AppData\Local\Microsoft\WindowsApps;C:\Users\HealthQ\AppData\Local\atom\bin;C:\Users\HealthQ\AppData\Roaming\npm;C:\Users\HealthQ\Documents\Downloads\chromedriver.exe;;."/>
    <property name="java.vm.info" value="mixed mode, sharing"/>
    <property name="java.vendor" value="Oracle Corporation"/>
    <property name="java.vm.version" value="14.0.1+7"/>
    <property name="classworlds.conf" value="C:\apache-maven\apache-maven-3.6.3\bin\..\bin\m2.conf"/>
    <property name="sun.io.unicode.encoding" value="UnicodeLittle"/>
    <property name="library.jansi.path" value="C:\apache-maven\apache-maven-3.6.3\bin\..\lib\jansi-native"/>
    <property name="java.class.version" value="58.0"/>
  </properties>
  <testcase name="ApplyJobWithCSVDataProvider" classname="gcombrinck.MyTest" time="13.408">
    <failure message="no such element: Unable to locate element: {&quot;method&quot;:&quot;css selector&quot;,&quot;selector&quot;:&quot;.wpjb\-form\-job\-apply&quot;}&#10;  (Session info: chrome=81.0.4044.122)&#10;For documentation on this error, please visit: https://www.seleniumhq.org/exceptions/no_such_element.html&#10;Build info: version: &apos;3.141.59&apos;, revision: &apos;e82be7d358&apos;, time: &apos;2018-11-14T08:17:03&apos;&#10;System info: host: &apos;MCKENZIECOMBRIN&apos;, ip: &apos;192.168.99.1&apos;, os.name: &apos;Windows 10&apos;, os.arch: &apos;amd64&apos;, os.version: &apos;10.0&apos;, java.version: &apos;14.0.1&apos;&#10;Driver info: org.openqa.selenium.chrome.ChromeDriver&#10;Capabilities {acceptInsecureCerts: false, browserName: chrome, browserVersion: 81.0.4044.122, chrome: {chromedriverVersion: 81.0.4044.20 (f006328e39a97..., userDataDir: C:\Users\HealthQ\AppData\Lo...}, goog:chromeOptions: {debuggerAddress: localhost:52566}, javascriptEnabled: true, networkConnectionEnabled: false, pageLoadStrategy: normal, platform: WINDOWS, platformName: WINDOWS, proxy: Proxy(), setWindowRect: true, strictFileInteractability: false, timeouts: {implicit: 0, pageLoad: 300000, script: 30000}, unhandledPromptBehavior: dismiss and notify, webauthn:virtualAuthenticators: true}&#10;Session ID: 1e5602d08ec21d53d0d13cee4501bff1&#10;*** Element info: {Using=class name, value=wpjb-form-job-apply}" type="org.openqa.selenium.NoSuchElementException">org.openqa.selenium.NoSuchElementException: 
no such element: Unable to locate element: {"method":"css selector","selector":".wpjb\-form\-job\-apply"}
  (Session info: chrome=81.0.4044.122)
For documentation on this error, please visit: https://www.seleniumhq.org/exceptions/no_such_element.html
Build info: version: '3.141.59', revision: 'e82be7d358', time: '2018-11-14T08:17:03'
System info: host: 'MCKENZIECOMBRIN', ip: '192.168.99.1', os.name: 'Windows 10', os.arch: 'amd64', os.version: '10.0', java.version: '14.0.1'
Driver info: org.openqa.selenium.chrome.ChromeDriver
Capabilities {acceptInsecureCerts: false, browserName: chrome, browserVersion: 81.0.4044.122, chrome: {chromedriverVersion: 81.0.4044.20 (f006328e39a97..., userDataDir: C:\Users\HealthQ\AppData\Lo...}, goog:chromeOptions: {debuggerAddress: localhost:52566}, javascriptEnabled: true, networkConnectionEnabled: false, pageLoadStrategy: normal, platform: WINDOWS, platformName: WINDOWS, proxy: Proxy(), setWindowRect: true, strictFileInteractability: false, timeouts: {implicit: 0, pageLoad: 300000, script: 30000}, unhandledPromptBehavior: dismiss and notify, webauthn:virtualAuthenticators: true}
Session ID: 1e5602d08ec21d53d0d13cee4501bff1
*** Element info: {Using=class name, value=wpjb-form-job-apply}
	at gcombrinck.MyTest.ApplyJobWithCSVDataProvider(MyTest.java:74)
</failure>
    <system-out><![CDATA[*** Running Tests on CHROME ***
*** Initializing Webdriver ***
ChromeDriver: chrome on WINDOWS (1e5602d08ec21d53d0d13cee4501bff1)
4234503888
]]></system-out>
    <system-err><![CDATA[SLF4J: Failed to load class "org.slf4j.impl.StaticLoggerBinder".
SLF4J: Defaulting to no-operation (NOP) logger implementation
SLF4J: See http://www.slf4j.org/codes.html#StaticLoggerBinder for further details.
Starting ChromeDriver 81.0.4044.20 (f006328e39a9769596eb506c8841c3004b24e747-refs/branch-heads/4044@{#244}) on port 9437
Only local connections are allowed.
Please protect ports used by ChromeDriver and related test frameworks to prevent access by malicious code.
Apr 27, 2020 11:44:00 AM org.openqa.selenium.remote.ProtocolHandshake createSession
INFO: Detected dialect: W3C
[1587980647.831][SEVERE]: Timed out receiving message from renderer: 0.100
[1587980647.938][SEVERE]: Timed out receiving message from renderer: 0.100
[1587980648.040][SEVERE]: Timed out receiving message from renderer: 0.100
[1587980648.142][SEVERE]: Timed out receiving message from renderer: 0.100
[1587980648.284][SEVERE]: Timed out receiving message from renderer: 0.100
[1587980648.386][SEVERE]: Timed out receiving message from renderer: 0.100
[1587980648.500][SEVERE]: Timed out receiving message from renderer: 0.100
[1587980648.602][SEVERE]: Timed out receiving message from renderer: 0.100
[1587980648.703][SEVERE]: Timed out receiving message from renderer: 0.100
[1587980648.805][SEVERE]: Timed out receiving message from renderer: 0.100
[1587980648.916][SEVERE]: Timed out receiving message from renderer: 0.100
[1587980649.018][SEVERE]: Timed out receiving message from renderer: 0.100
[1587980649.120][SEVERE]: Timed out receiving message from renderer: 0.100
[1587980649.223][SEVERE]: Timed out receiving message from renderer: 0.100
[1587980649.325][SEVERE]: Timed out receiving message from renderer: 0.100
[1587980649.505][SEVERE]: Timed out receiving message from renderer: 0.100
[1587980649.606][SEVERE]: Timed out receiving message from renderer: 0.100
[1587980649.720][SEVERE]: Timed out receiving message from renderer: 0.100
[1587980651.471][SEVERE]: Timed out receiving message from renderer: 0.100
[1587980651.573][SEVERE]: Timed out receiving message from renderer: 0.100
[1587980651.674][SEVERE]: Timed out receiving message from renderer: 0.100
[1587980651.900][SEVERE]: Timed out receiving message from renderer: 0.100
[1587980652.084][SEVERE]: Timed out receiving message from renderer: 0.100
[1587980652.268][SEVERE]: Timed out receiving message from renderer: 0.100
[1587980652.396][SEVERE]: Timed out receiving message from renderer: 0.100
[1587980652.507][SEVERE]: Timed out receiving message from renderer: 0.100
[1587980652.609][SEVERE]: Timed out receiving message from renderer: 0.100
[1587980653.033][SEVERE]: Timed out receiving message from renderer: 0.100
[1587980653.429][SEVERE]: Timed out receiving message from renderer: 0.100
[1587980663.165][SEVERE]: Timed out receiving message from renderer: 0.100
[1587980663.316][SEVERE]: Timed out receiving message from renderer: 0.100
[1587980663.420][SEVERE]: Timed out receiving message from renderer: 0.100
[1587980663.588][SEVERE]: Timed out receiving message from renderer: 0.100
]]></system-err>
  </testcase>
  <testcase name="ApplyJobWithCSVDataProvider" classname="gcombrinck.MyTest" time="18.463"/>
  <testcase name="ApplyJobWithDataProvider" classname="gcombrinck.MyTest" time="18.444">
    <failure message="Incorrect error message. expected [You need to upload at least one file.] but found [Email address is invalid]" type="java.lang.AssertionError">java.lang.AssertionError: Incorrect error message. expected [You need to upload at least one file.] but found [Email address is invalid]
	at gcombrinck.MyTest.ApplyJobWithDataProvider(MyTest.java:54)
</failure>
    <system-out><![CDATA[4905403101
]]></system-out>
    <system-err><![CDATA[[1587980700.276][SEVERE]: Timed out receiving message from renderer: 0.100
]]></system-err>
  </testcase>
  <testcase name="ApplyJobWithStaticData" classname="gcombrinck.MyTest" time="15.239"/>
</testsuite>