<?xml version="1.0" encoding="UTF-8"?>
<!-- Generated by org.testng.reporters.JUnitReportReporter -->
<testsuite hostname="MckenzieCombrinck" failures="0" tests="5" name="gcombrinck.MyTest" time="-1587978112.000" errors="1" timestamp="2020-04-27T11:02:51 SAST" skipped="4">
  <testcase classname="gcombrinck.MyTest" name="ApplyJobWithStaticData" time="0.000">
    <skipped/>
  </testcase> <!-- ApplyJobWithStaticData -->
  <system-out/>
  <testcase classname="gcombrinck.MyTest" name="testUp" time="-1587978112.000">
    <error message="
Parameter &#039;browser&#039; is required by BeforeClass on method testUp but has not been marked @Optional or defined
" type="org.testng.TestNGException">
      <![CDATA[org.testng.TestNGException: 
Parameter 'browser' is required by BeforeClass on method testUp but has not been marked @Optional or defined

at org.testng.internal.Parameters.createParams(Parameters.java:272)
at org.testng.internal.Parameters.createParametersForMethod(Parameters.java:360)
at org.testng.internal.Parameters.createParameters(Parameters.java:704)
at org.testng.internal.Parameters.createConfigurationParameters(Parameters.java:166)
at org.testng.internal.ConfigInvoker.invokeConfigurations(ConfigInvoker.java:283)
at org.testng.internal.TestMethodWorker.invokeBeforeClassMethods(TestMethodWorker.java:176)
at org.testng.internal.TestMethodWorker.run(TestMethodWorker.java:122)
at java.base/java.util.ArrayList.forEach(ArrayList.java:1510)
at org.testng.TestRunner.privateRun(TestRunner.java:766)
at org.testng.TestRunner.run(TestRunner.java:587)
at org.testng.SuiteRunner.runTest(SuiteRunner.java:384)
at org.testng.SuiteRunner.runSequentially(SuiteRunner.java:378)
at org.testng.SuiteRunner.privateRun(SuiteRunner.java:337)
at org.testng.SuiteRunner.run(SuiteRunner.java:286)
at org.testng.SuiteRunnerWorker.runSuite(SuiteRunnerWorker.java:53)
at org.testng.SuiteRunnerWorker.run(SuiteRunnerWorker.java:96)
at org.testng.TestNG.runSuitesSequentially(TestNG.java:1187)
at org.testng.TestNG.runSuitesLocally(TestNG.java:1109)
at org.testng.TestNG.runSuites(TestNG.java:1039)
at org.testng.TestNG.run(TestNG.java:1007)
at org.apache.maven.surefire.testng.TestNGExecutor.run(TestNGExecutor.java:135)
at org.apache.maven.surefire.testng.TestNGDirectoryTestSuite.executeMulti(TestNGDirectoryTestSuite.java:193)
at org.apache.maven.surefire.testng.TestNGDirectoryTestSuite.execute(TestNGDirectoryTestSuite.java:94)
at org.apache.maven.surefire.testng.TestNGProvider.invoke(TestNGProvider.java:146)
at org.apache.maven.surefire.booter.ForkedBooter.invokeProviderInSameClassLoader(ForkedBooter.java:386)
at org.apache.maven.surefire.booter.ForkedBooter.runSuitesInProcess(ForkedBooter.java:323)
at org.apache.maven.surefire.booter.ForkedBooter.main(ForkedBooter.java:143)
]]>
    </error>
  </testcase> <!-- testUp -->
  <system-out/>
  <testcase classname="gcombrinck.MyTest" name="ApplyJobWithDataProvider" time="0.000">
    <skipped/>
  </testcase> <!-- ApplyJobWithDataProvider -->
  <system-out/>
  <testcase classname="gcombrinck.MyTest" name="ApplyJobWithCSVDataProvider" time="0.000">
    <skipped/>
  </testcase> <!-- ApplyJobWithCSVDataProvider -->
  <system-out/>
  <testcase classname="gcombrinck.MyTest" name="ApplyJobWithCSVDataProvider" time="0.000">
    <skipped/>
  </testcase> <!-- ApplyJobWithCSVDataProvider -->
  <system-out/>
</testsuite> <!-- gcombrinck.MyTest -->
